============================= test session starts ==============================
platform darwin -- Python 3.14.0, pytest-9.0.2, pluggy-1.6.0 -- /usr/local/bin/python3
cachedir: .pytest_cache
rootdir: /Users/varvara/Desktop
configfile: pyproject.toml
plugins: anyio-4.12.1, cov-7.0.0
collecting ... collected 9 items

tests/test_category.py::test_category_init PASSED                        [ 11%]
tests/test_category.py::test_category_name_type PASSED                   [ 22%]
tests/test_category.py::test_category_products_is_list PASSED            [ 33%]
tests/test_category.py::test_category_count PASSED                       [ 44%]
tests/test_category.py::test_category_empty_products PASSED              [ 55%]
tests/test_product.py::test_product_init PASSED                          [ 66%]
tests/test_product.py::test_product_name_type PASSED                     [ 77%]
tests/test_product.py::test_product_price_type PASSED                    [ 88%]
tests/test_product.py::test_product_quantity_type PASSED                 [100%]

================================ tests coverage ================================
_______________ coverage: platform darwin, python 3.14.0-final-0 _______________

Name              Stmts   Miss  Cover
-------------------------------------
src/__init__.py       0      0   100%
src/category.py       9      0   100%
src/product.py        6      0   100%
-------------------------------------
TOTAL                15      0   100%
============================== 9 passed in 0.03s ===============================
